Using pre-set license
Built from '2021.3/staging' branch; Version is '2021.3.8f1 (b30333d56e81) revision 11731763'; Using compiler version '192829333'; Build Type 'Release'
OS: 'Windows 10  (10.0.19045) 64bit Professional' Language: 'en' Physical Memory: 32356 MB
BatchMode: 1, IsHumanControllingUs: 0, StartBugReporterOnCrash: 0, Is64bit: 1, IsPro: 1

COMMAND LINE ARGUMENTS:
C:\Program Files\Unity\Hub\Editor\2021.3.8f1\Editor\Unity.exe
-adb2
-batchMode
-noUpm
-name
AssetImportWorker0
-projectPath
C:/Users/clara/Downloads/UnityDialogueSystem-master/UnityDialogueSystem-master
-logFile
Logs/AssetImportWorker0.log
-srvPort
57657
Successfully changed project path to: C:/Users/clara/Downloads/UnityDialogueSystem-master/UnityDialogueSystem-master
C:/Users/clara/Downloads/UnityDialogueSystem-master/UnityDialogueSystem-master
[UnityMemory] Configuration Parameters - Can be set up in boot.config
    "memorysetup-bucket-allocator-granularity=16"
    "memorysetup-bucket-allocator-bucket-count=8"
    "memorysetup-bucket-allocator-block-size=33554432"
    "memorysetup-bucket-allocator-block-count=8"
    "memorysetup-main-allocator-block-size=16777216"
    "memorysetup-thread-allocator-block-size=16777216"
    "memorysetup-gfx-main-allocator-block-size=16777216"
    "memorysetup-gfx-thread-allocator-block-size=16777216"
    "memorysetup-cache-allocator-block-size=4194304"
    "memorysetup-typetree-allocator-block-size=2097152"
    "memorysetup-profiler-bucket-allocator-granularity=16"
    "memorysetup-profiler-bucket-allocator-bucket-count=8"
    "memorysetup-profiler-bucket-allocator-block-size=33554432"
    "memorysetup-profiler-bucket-allocator-block-count=8"
    "memorysetup-profiler-allocator-block-size=16777216"
    "memorysetup-profiler-editor-allocator-block-size=1048576"
    "memorysetup-temp-allocator-size-main=16777216"
    "memorysetup-job-temp-allocator-block-size=2097152"
    "memorysetup-job-temp-allocator-block-size-background=1048576"
    "memorysetup-job-temp-allocator-reduction-small-platforms=262144"
    "memorysetup-temp-allocator-size-background-worker=32768"
    "memorysetup-temp-allocator-size-job-worker=262144"
    "memorysetup-temp-allocator-size-preload-manager=33554432"
    "memorysetup-temp-allocator-size-nav-mesh-worker=65536"
    "memorysetup-temp-allocator-size-audio-worker=65536"
    "memorysetup-temp-allocator-size-cloud-worker=32768"
    "memorysetup-temp-allocator-size-gi-baking-worker=262144"
    "memorysetup-temp-allocator-size-gfx=262144"
Refreshing native plugins compatible for Editor in 65.07 ms, found 3 plugins.
Preloading 0 native plugins for Editor in 0.00 ms.
Initialize engine version: 2021.3.8f1 (b30333d56e81)
[Subsystems] Discovering subsystems at path C:/Program Files/Unity/Hub/Editor/2021.3.8f1/Editor/Data/Resources/UnitySubsystems
[Subsystems] Discovering subsystems at path C:/Users/clara/Downloads/UnityDialogueSystem-master/UnityDialogueSystem-master/Assets
GfxDevice: creating device client; threaded=0; jobified=0
Direct3D:
    Version:  Direct3D 11.0 [level 11.1]
    Renderer: NVIDIA GeForce RTX 3070 Laptop GPU (ID=0x249d)
    Vendor:   NVIDIA
    VRAM:     8033 MB
    Driver:   31.0.15.3667
Initialize mono
Mono path[0] = 'C:/Program Files/Unity/Hub/Editor/2021.3.8f1/Editor/Data/Managed'
Mono path[1] = 'C:/Program Files/Unity/Hub/Editor/2021.3.8f1/Editor/Data/MonoBleedingEdge/lib/mono/unityjit-win32'
Mono config path = 'C:/Program Files/Unity/Hub/Editor/2021.3.8f1/Editor/Data/MonoBleedingEdge/etc'
Using monoOptions --debugger-agent=transport=dt_socket,embedding=1,server=y,suspend=n,address=127.0.0.1:56480
Begin MonoManager ReloadAssembly
Registering precompiled unity dll's ...
Register platform support module: C:/Program Files/Unity/Hub/Editor/2021.3.8f1/Editor/Data/PlaybackEngines/WindowsStandaloneSupport/UnityEditor.WindowsStandalone.Extensions.dll
Registered in 0.007679 seconds.
Native extension for WindowsStandalone target not found
Refreshing native plugins compatible for Editor in 71.20 ms, found 3 plugins.
Preloading 0 native plugins for Editor in 0.00 ms.
Mono: successfully reloaded assembly
- Completed reload, in  0.643 seconds
Domain Reload Profiling:
	ReloadAssembly (643ms)
		BeginReloadAssembly (71ms)
			ExecutionOrderSort (0ms)
			DisableScriptedObjects (0ms)
			BackupInstance (0ms)
			ReleaseScriptingObjects (0ms)
			CreateAndSetChildDomain (1ms)
		EndReloadAssembly (455ms)
			LoadAssemblies (67ms)
			RebuildTransferFunctionScriptingTraits (0ms)
			SetupTypeCache (104ms)
			ReleaseScriptCaches (0ms)
			RebuildScriptCaches (28ms)
			SetupLoadedEditorAssemblies (270ms)
				LogAssemblyErrors (0ms)
				InitializePlatformSupportModulesInManaged (8ms)
				SetLoadedEditorAssemblies (0ms)
				RefreshPlugins (71ms)
				BeforeProcessingInitializeOnLoad (1ms)
				ProcessInitializeOnLoadAttributes (145ms)
				ProcessInitializeOnLoadMethodAttributes (45ms)
				AfterProcessingInitializeOnLoad (0ms)
				EditorAssembliesLoaded (0ms)
			ExecutionOrderSort2 (0ms)
			AwakeInstancesAfterBackupRestoration (0ms)
Platform modules already initialized, skipping
Registering precompiled user dll's ...
Registered in 0.005972 seconds.
Begin MonoManager ReloadAssembly
Symbol file LoadedFromMemory doesn't match image C:\Users\clara\Downloads\UnityDialogueSystem-master\UnityDialogueSystem-master\Library\PackageCache\com.unity.visualscripting@1.7.8\Editor\VisualScripting.Core\Dependencies\YamlDotNet\Unity.VisualScripting.YamlDotNet.dll
Symbol file LoadedFromMemory doesn't match image C:\Users\clara\Downloads\UnityDialogueSystem-master\UnityDialogueSystem-master\Library\PackageCache\com.unity.visualscripting@1.7.8\Editor\VisualScripting.Core\Dependencies\DotNetZip\Unity.VisualScripting.IonicZip.dll
Native extension for WindowsStandalone target not found
Refreshing native plugins compatible for Editor in 0.61 ms, found 3 plugins.
Preloading 0 native plugins for Editor in 0.00 ms.
Mono: successfully reloaded assembly
- Completed reload, in  1.054 seconds
Domain Reload Profiling:
	ReloadAssembly (1055ms)
		BeginReloadAssembly (119ms)
			ExecutionOrderSort (0ms)
			DisableScriptedObjects (5ms)
			BackupInstance (0ms)
			ReleaseScriptingObjects (0ms)
			CreateAndSetChildDomain (22ms)
		EndReloadAssembly (811ms)
			LoadAssemblies (86ms)
			RebuildTransferFunctionScriptingTraits (0ms)
			SetupTypeCache (245ms)
			ReleaseScriptCaches (1ms)
			RebuildScriptCaches (52ms)
			SetupLoadedEditorAssemblies (387ms)
				LogAssemblyErrors (0ms)
				InitializePlatformSupportModulesInManaged (7ms)
				SetLoadedEditorAssemblies (0ms)
				RefreshPlugins (1ms)
				BeforeProcessingInitializeOnLoad (84ms)
				ProcessInitializeOnLoadAttributes (251ms)
				ProcessInitializeOnLoadMethodAttributes (32ms)
				AfterProcessingInitializeOnLoad (11ms)
				EditorAssembliesLoaded (0ms)
			ExecutionOrderSort2 (0ms)
			AwakeInstancesAfterBackupRestoration (6ms)
Platform modules already initialized, skipping
========================================================================
Worker process is ready to serve import requests
Launched and connected shader compiler UnityShaderCompiler.exe after 0.05 seconds
Refreshing native plugins compatible for Editor in 0.51 ms, found 3 plugins.
Preloading 0 native plugins for Editor in 0.00 ms.
Unloading 3293 Unused Serialized files (Serialized files now loaded: 0)
Unloading 24 unused Assets / (55.3 KB). Loaded Objects now: 3753.
Memory consumption went from 113.5 MB to 113.5 MB.
Total: 3.524500 ms (FindLiveObjects: 0.287500 ms CreateObjectMapping: 0.165200 ms MarkObjects: 2.998900 ms  DeleteObjects: 0.072000 ms)

AssetImportParameters requested are different than current active one (requested -> active):
  custom:video-decoder-ogg-theora: a1e56fd34408186e4bbccfd4996cb3dc -> 
  custom:container-muxer-webm: aa71ff27fc2769a1b78a27578f13a17b -> 
  custom:container-demuxer-webm: 4f35f7cbe854078d1ac9338744f61a02 -> 
  custom:video-encoder-webm-vp8: eb34c28f22e8b96e1ab97ce403110664 -> 
  custom:audio-encoder-webm-vorbis: bf7c407c2cedff20999df2af8eb42d56 -> 
  custom:framework-win-MediaFoundation: 216162199b28c13a410421893ffa2e32 -> 
  custom:container-demuxer-ogg: 62fdf1f143b41e24485cea50d1cbac27 -> 
  custom:video-decoder-webm-vp8: 9c59270c3fd7afecdb556c50c9e8de78 -> 
  custom:audio-decoder-ogg-vorbis: bf7c407c2cedff20999df2af8eb42d56 -> 
========================================================================
Received Import Request.
  Time since last request: 28266.408105 seconds.
  path: Assets/DialogueSystem
  artifactKey: Guid(e51b38170f9ca48eb8f2a9a0795dfcca) Importer(815301076,1909f56bfc062723c751e8b465ee728b)
Start importing Assets/DialogueSystem using Guid(e51b38170f9ca48eb8f2a9a0795dfcca) Importer(815301076,1909f56bfc062723c751e8b465ee728b)  -> (artifact id: 'ee582bf2c13c0f3b5bea260e31ea6015') in 0.016946 seconds 
========================================================================
Received Import Request.
  Time since last request: 6.195401 seconds.
  path: Assets/TextSeparator
  artifactKey: Guid(7a5493ad8f9754eada6d4821fe3a2b81) Importer(815301076,1909f56bfc062723c751e8b465ee728b)
Start importing Assets/TextSeparator using Guid(7a5493ad8f9754eada6d4821fe3a2b81) Importer(815301076,1909f56bfc062723c751e8b465ee728b)  -> (artifact id: 'd55fba0b1524adff4a5491f79faf53eb') in 0.015267 seconds 
========================================================================
Received Import Request.
  Time since last request: 1.752402 seconds.
  path: Assets/TextSeparator/Enojado.jpg
  artifactKey: Guid(080dfe8eb04b14b848d2b7ccc8ea61c6) Importer(815301076,1909f56bfc062723c751e8b465ee728b)
Start importing Assets/TextSeparator/Enojado.jpg using Guid(080dfe8eb04b14b848d2b7ccc8ea61c6) Importer(815301076,1909f56bfc062723c751e8b465ee728b)  -> (artifact id: '7939dc22fb1e08fd4740e7959b6ee422') in 0.191135 seconds 
========================================================================
Received Import Request.
  Time since last request: 3.497542 seconds.
  path: Assets/MovementSystem/Main Camera.prefab
  artifactKey: Guid(f6c4e484e372d58428c6bd7388ac2135) Importer(815301076,1909f56bfc062723c751e8b465ee728b)
Start importing Assets/MovementSystem/Main Camera.prefab using Guid(f6c4e484e372d58428c6bd7388ac2135) Importer(815301076,1909f56bfc062723c751e8b465ee728b)  -> (artifact id: 'a3b94eef86c0eafe12d9aacd6d1cf90a') in 0.026028 seconds 
========================================================================
Received Import Request.
  Time since last request: 4.145819 seconds.
  path: Assets/MovementSystem/Scripts
  artifactKey: Guid(869065974dc0f7447b4c6906430cd67e) Importer(815301076,1909f56bfc062723c751e8b465ee728b)
Start importing Assets/MovementSystem/Scripts using Guid(869065974dc0f7447b4c6906430cd67e) Importer(815301076,1909f56bfc062723c751e8b465ee728b)  -> (artifact id: 'a1b37b20c194346b10ddf5cdd3976301') in 0.013846 seconds 
========================================================================
Received Prepare
Registering precompiled user dll's ...
Registered in 0.005174 seconds.
Begin MonoManager ReloadAssembly
Symbol file LoadedFromMemory doesn't match image C:\Users\clara\Downloads\UnityDialogueSystem-master\UnityDialogueSystem-master\Library\PackageCache\com.unity.visualscripting@1.7.8\Editor\VisualScripting.Core\Dependencies\YamlDotNet\Unity.VisualScripting.YamlDotNet.dll
Symbol file LoadedFromMemory doesn't match image C:\Users\clara\Downloads\UnityDialogueSystem-master\UnityDialogueSystem-master\Library\PackageCache\com.unity.visualscripting@1.7.8\Editor\VisualScripting.Core\Dependencies\DotNetZip\Unity.VisualScripting.IonicZip.dll
Native extension for WindowsStandalone target not found
Refreshing native plugins compatible for Editor in 0.64 ms, found 3 plugins.
Preloading 0 native plugins for Editor in 0.00 ms.
Mono: successfully reloaded assembly
- Completed reload, in  1.154 seconds
Domain Reload Profiling:
	ReloadAssembly (1155ms)
		BeginReloadAssembly (154ms)
			ExecutionOrderSort (0ms)
			DisableScriptedObjects (5ms)
			BackupInstance (0ms)
			ReleaseScriptingObjects (0ms)
			CreateAndSetChildDomain (36ms)
		EndReloadAssembly (885ms)
			LoadAssemblies (94ms)
			RebuildTransferFunctionScriptingTraits (0ms)
			SetupTypeCache (313ms)
			ReleaseScriptCaches (2ms)
			RebuildScriptCaches (45ms)
			SetupLoadedEditorAssemblies (387ms)
				LogAssemblyErrors (0ms)
				InitializePlatformSupportModulesInManaged (18ms)
				SetLoadedEditorAssemblies (1ms)
				RefreshPlugins (1ms)
				BeforeProcessingInitializeOnLoad (71ms)
				ProcessInitializeOnLoadAttributes (257ms)
				ProcessInitializeOnLoadMethodAttributes (30ms)
				AfterProcessingInitializeOnLoad (10ms)
				EditorAssembliesLoaded (0ms)
			ExecutionOrderSort2 (0ms)
			AwakeInstancesAfterBackupRestoration (7ms)
Platform modules already initialized, skipping
Refreshing native plugins compatible for Editor in 1.79 ms, found 3 plugins.
Preloading 0 native plugins for Editor in 0.00 ms.
Unloading 3285 Unused Serialized files (Serialized files now loaded: 0)
Unloading 19 unused Assets / (24.6 KB). Loaded Objects now: 3761.
Memory consumption went from 117.7 MB to 117.6 MB.
Total: 2.974300 ms (FindLiveObjects: 0.247500 ms CreateObjectMapping: 0.086700 ms MarkObjects: 2.595600 ms  DeleteObjects: 0.042800 ms)

AssetImportParameters requested are different than current active one (requested -> active):
  custom:video-decoder-ogg-theora: a1e56fd34408186e4bbccfd4996cb3dc -> 
  custom:container-muxer-webm: aa71ff27fc2769a1b78a27578f13a17b -> 
  custom:container-demuxer-webm: 4f35f7cbe854078d1ac9338744f61a02 -> 
  custom:video-encoder-webm-vp8: eb34c28f22e8b96e1ab97ce403110664 -> 
  custom:audio-encoder-webm-vorbis: bf7c407c2cedff20999df2af8eb42d56 -> 
  custom:framework-win-MediaFoundation: 216162199b28c13a410421893ffa2e32 -> 
  custom:container-demuxer-ogg: 62fdf1f143b41e24485cea50d1cbac27 -> 
  custom:video-decoder-webm-vp8: 9c59270c3fd7afecdb556c50c9e8de78 -> 
  custom:audio-decoder-ogg-vorbis: bf7c407c2cedff20999df2af8eb42d56 -> 
========================================================================
Received Import Request.
  Time since last request: 22.123951 seconds.
  path: Assets/DialogueSystem/Scripts
  artifactKey: Guid(edcdee944c62046acb87ba614057edec) Importer(815301076,1909f56bfc062723c751e8b465ee728b)
Start importing Assets/DialogueSystem/Scripts using Guid(edcdee944c62046acb87ba614057edec) Importer(815301076,1909f56bfc062723c751e8b465ee728b)  -> (artifact id: '30e8173acd14c15603dc659d3c1f95e1') in 0.009976 seconds 
========================================================================
Received Import Request.
  Time since last request: 2.614999 seconds.
  path: Assets/DialogueSystem/Scripts/GameComponents
  artifactKey: Guid(2f977aae6e64e8a4881f8c713085dad9) Importer(815301076,1909f56bfc062723c751e8b465ee728b)
Start importing Assets/DialogueSystem/Scripts/GameComponents using Guid(2f977aae6e64e8a4881f8c713085dad9) Importer(815301076,1909f56bfc062723c751e8b465ee728b)  -> (artifact id: 'deef509ef8da81ef88812096656bc77f') in 0.015114 seconds 
========================================================================
Received Import Request.
  Time since last request: 6.940127 seconds.
  path: Assets/DialogueSystem/Scripts/GameComponents/TextEffects
  artifactKey: Guid(5a361faa3c5575046b23659188eb5775) Importer(815301076,1909f56bfc062723c751e8b465ee728b)
Start importing Assets/DialogueSystem/Scripts/GameComponents/TextEffects using Guid(5a361faa3c5575046b23659188eb5775) Importer(815301076,1909f56bfc062723c751e8b465ee728b)  -> (artifact id: 'bd4bb8d8545394ea2926ee07c671e7d8') in 0.012774 seconds 
========================================================================
Received Import Request.
  Time since last request: 2.476898 seconds.
  path: Assets/DialogueSystem/Scripts/GameComponents/ConversationTriggers
  artifactKey: Guid(d66ed62ceae94464e850616d14a11aed) Importer(815301076,1909f56bfc062723c751e8b465ee728b)
Start importing Assets/DialogueSystem/Scripts/GameComponents/ConversationTriggers using Guid(d66ed62ceae94464e850616d14a11aed) Importer(815301076,1909f56bfc062723c751e8b465ee728b)  -> (artifact id: 'a57beb60af257704ba709d73ce49f9f2') in 0.013964 seconds 
========================================================================
Received Import Request.
  Time since last request: 1.332280 seconds.
  path: Assets/DialogueSystem/Scripts/GameComponents/ConversationTriggers/PositionTrigger.cs
  artifactKey: Guid(abc53e916504a7d4c81f732bb7b0d281) Importer(815301076,1909f56bfc062723c751e8b465ee728b)
Start importing Assets/DialogueSystem/Scripts/GameComponents/ConversationTriggers/PositionTrigger.cs using Guid(abc53e916504a7d4c81f732bb7b0d281) Importer(815301076,1909f56bfc062723c751e8b465ee728b)  -> (artifact id: '739d7f9bffadb0d195864b23d1de98ac') in 0.022215 seconds 
========================================================================
Received Import Request.
  Time since last request: 203.541694 seconds.
  path: Assets/Example/Characters/Edgar.asset
  artifactKey: Guid(56e30bb1786e49441a1788dc2681a6e6) Importer(815301076,1909f56bfc062723c751e8b465ee728b)
Start importing Assets/Example/Characters/Edgar.asset using Guid(56e30bb1786e49441a1788dc2681a6e6) Importer(815301076,1909f56bfc062723c751e8b465ee728b)  -> (artifact id: '2bffab47f19de250e96ee2e6b4f1f59a') in 0.047212 seconds 
========================================================================
Received Import Request.
  Time since last request: 1.198875 seconds.
  path: Assets/Example/Characters/Locke
  artifactKey: Guid(5cfc6546ca432114aa4aaa6b16d6eb66) Importer(815301076,1909f56bfc062723c751e8b465ee728b)
Start importing Assets/Example/Characters/Locke using Guid(5cfc6546ca432114aa4aaa6b16d6eb66) Importer(815301076,1909f56bfc062723c751e8b465ee728b)  -> (artifact id: 'd85b3f9d1fa6fb69393fd0310e17ce7c') in 0.009970 seconds 
========================================================================
Received Import Request.
  Time since last request: 0.049246 seconds.
  path: Assets/Example/Characters/Locke/Locke.asset
  artifactKey: Guid(a2df4dee82fc7e74c8067dac50ff6680) Importer(815301076,1909f56bfc062723c751e8b465ee728b)
Start importing Assets/Example/Characters/Locke/Locke.asset using Guid(a2df4dee82fc7e74c8067dac50ff6680) Importer(815301076,1909f56bfc062723c751e8b465ee728b)  -> (artifact id: '173a8fbfed540c083859c16a9d4abfb6') in 0.024226 seconds 
========================================================================
Received Import Request.
  Time since last request: 3.796114 seconds.
  path: Assets/Example/Sprites/scenario.gif
  artifactKey: Guid(c0a0d208ee64f66428f236a0d3dc4275) Importer(815301076,1909f56bfc062723c751e8b465ee728b)
Start importing Assets/Example/Sprites/scenario.gif using Guid(c0a0d208ee64f66428f236a0d3dc4275) Importer(815301076,1909f56bfc062723c751e8b465ee728b)  -> (artifact id: '22bc38043a46134269f53fdd6e487c83') in 0.147067 seconds 
========================================================================
Received Import Request.
  Time since last request: 7.774764 seconds.
  path: Assets/DialogueSystem/Sprites/UI/Dialogues.png
  artifactKey: Guid(aba366759c5894f6981287d33474dadb) Importer(815301076,1909f56bfc062723c751e8b465ee728b)
Start importing Assets/DialogueSystem/Sprites/UI/Dialogues.png using Guid(aba366759c5894f6981287d33474dadb) Importer(815301076,1909f56bfc062723c751e8b465ee728b)  -> (artifact id: '52d036748d781dba0be260b275096852') in 0.045357 seconds 
========================================================================
Received Import Request.
  Time since last request: 108.819571 seconds.
  path: Assets/DialogueSystem/Sprites/UI/Dialogues.png
  artifactKey: Guid(aba366759c5894f6981287d33474dadb) Importer(815301076,1909f56bfc062723c751e8b465ee728b)
Start importing Assets/DialogueSystem/Sprites/UI/Dialogues.png using Guid(aba366759c5894f6981287d33474dadb) Importer(815301076,1909f56bfc062723c751e8b465ee728b)  -> (artifact id: '3d46cc2b0702fd3d2a932dd9b17322bb') in 0.031686 seconds 
